This is pdfTeX, Version 3.14159-13d (Web2C 7.3.1) (format=pdflatex 2001.5.15)  22 NOV 2001 09:54
**memo.pdf.tex
(memo.pdf.tex[/var/lib/texmf/pdftex/config/pdftex.cfg]
LaTeX2e <2000/06/01>
Babel <v3.7h> and hyphenation patterns for american, french, german, ngerman, n
ohyphenation, loaded.
(danarticle.cls
Document Class: danarticle 1998/05/05 v1.3y Standard LaTeX document class
(/usr/share/texmf/tex/latex/base/size10.clo
File: size10.clo 2000/05/19 v1.4b Standard LaTeX file (size option)
)
\c@part=\count79
\c@section=\count80
\c@subsection=\count81
\c@subsubsection=\count82
\c@paragraph=\count83
\c@subparagraph=\count84
\c@figure=\count85
\c@table=\count86
\abovecaptionskip=\skip41
\belowcaptionskip=\skip42
\bibindent=\dimen102
)
(/usr/share/texmf/tex/latex/ntgclass/a4.sty
Package: a4 1999/03/03 v1.2f A4 based page layout
) (memo.pdf.aux)
\openout1 = `memo.pdf.aux'.

LaTeX Font Info:    Checking defaults for OML/cmm/m/it on input line 7.
LaTeX Font Info:    ... okay on input line 7.
LaTeX Font Info:    Checking defaults for T1/cmr/m/n on input line 7.
LaTeX Font Info:    ... okay on input line 7.
LaTeX Font Info:    Checking defaults for OT1/cmr/m/n on input line 7.
LaTeX Font Info:    ... okay on input line 7.
LaTeX Font Info:    Checking defaults for OMS/cmsy/m/n on input line 7.
LaTeX Font Info:    ... okay on input line 7.
LaTeX Font Info:    Checking defaults for OMX/cmex/m/n on input line 7.
LaTeX Font Info:    ... okay on input line 7.
LaTeX Font Info:    Checking defaults for U/cmr/m/n on input line 7.
LaTeX Font Info:    ... okay on input line 7.
LaTeX Font Info:    External font `cmex10' loaded for size
(Font)              <7> on input line 10.
LaTeX Font Info:    External font `cmex10' loaded for size
(Font)              <5> on input line 10.
LaTeX Font Info:    Try loading font information for OMS+cmr on input line 22.

(/usr/share/texmf/tex/latex/base/omscmr.fd
File: omscmr.fd 1999/05/25 v2.5h Standard LaTeX font definitions
)
LaTeX Font Info:    Font shape `OMS/cmr/m/n' in size <10> not available
(Font)              Font shape `OMS/cmsy/m/n' tried instead on input line 22.
LaTeX Font Info:    External font `cmex10' loaded for size
(Font)              <8> on input line 29.
LaTeX Font Info:    External font `cmex10' loaded for size
(Font)              <6> on input line 29.
 [1

[/var/lib/texmf/dvips/config/pdftex.map]] [2] [3] (memo.pdf.aux) ) 
Here is how much of TeX's memory you used:
 263 strings out of 25620
 2726 string characters out of 193431
 48439 words of memory out of 384000
 3294 multiletter control sequences out of 10000+15000
 9483 words of font info for 33 fonts, out of 400000 for 1000
 14 hyphenation exceptions out of 1000
 23i,8n,19p,157b,198s stack positions out of 300i,100n,500p,50000b,4000s
<cmbx10.pfb><
cmr8.pfb><cmr6.pfb><cmr7.pfb><cmti10.pfb><cmsy10.pfb><cmr10.pfb><cmbx9.pfb><cmr
9.pfb><cmssbx10.pfb><cmss10.pfb><cmss17.pfb>
Output written on memo.pdf.pdf (3 pages, 100656 bytes).
